<?xml version="1.0" encoding="UTF-8"?>
<testsuite name="hello.ActuatorApplicationTests" tests="1" skipped="0" failures="0" errors="0" timestamp="2023-12-21T11:15:27" hostname="joos-2.local" time="0.371">
  <properties/>
  <testcase name="contextLoads()" classname="hello.ActuatorApplicationTests" time="0.371"/>
  <system-out><![CDATA[20:15:20.020 [Test worker] DEBUG org.springframework.boot.test.context.SpringBootTestContextBootstrapper - Neither @ContextConfiguration nor @ContextHierarchy found for test class [ActuatorApplicationTests]: using SpringBootContextLoader
20:15:20.028 [Test worker] DEBUG org.springframework.test.context.support.AbstractContextLoader - Could not detect default resource locations for test class [hello.ActuatorApplicationTests]: no resource found for suffixes {-context.xml, Context.groovy}.
20:15:20.029 [Test worker] INFO org.springframework.test.context.support.AnnotationConfigContextLoaderUtils - Could not detect default configuration classes for test class [hello.ActuatorApplicationTests]: ActuatorApplicationTests does not declare any static, non-private, non-final, nested classes annotated with @Configuration.
20:15:20.065 [Test worker] DEBUG org.springframework.boot.test.context.SpringBootTestContextBootstrapper - Using ContextCustomizers for test class [ActuatorApplicationTests]: [DisableObservabilityContextCustomizer, PropertyMappingContextCustomizer, Customizer, ExcludeFilterContextCustomizer, DuplicateJsonObjectContextCustomizer, MockitoContextCustomizer, TestRestTemplateContextCustomizer]
20:15:20.205 [Test worker] DEBUG org.springframework.context.annotation.ClassPathScanningCandidateComponentProvider - Identified candidate component class: file [/Users/joos/Documents/2023/inflearn/스프링부트-핵심원리와활용/boot-source-20230228/start/actuator/build/classes/java/main/hello/ActuatorApplication.class]
20:15:20.209 [Test worker] INFO org.springframework.boot.test.context.SpringBootTestContextBootstrapper - Found @SpringBootConfiguration hello.ActuatorApplication for test class hello.ActuatorApplicationTests
20:15:20.312 [Test worker] DEBUG org.springframework.boot.test.context.SpringBootTestContextBootstrapper - Using TestExecutionListeners for test class [ActuatorApplicationTests]: [ServletTestExecutionListener, DirtiesContextBeforeModesTestExecutionListener, ApplicationEventsTestExecutionListener, MockitoTestExecutionListener, DependencyInjectionTestExecutionListener, DirtiesContextTestExecutionListener, TransactionalTestExecutionListener, SqlScriptsTestExecutionListener, EventPublishingTestExecutionListener, RestDocsTestExecutionListener, MockRestServiceServerResetTestExecutionListener, MockMvcPrintOnlyOnFailureTestExecutionListener, WebDriverTestExecutionListener, MockWebServiceServerTestExecutionListener, ResetMocksTestExecutionListener]
20:15:20.315 [Test worker] DEBUG org.springframework.test.context.support.AbstractDirtiesContextTestExecutionListener - Before test class: class [ActuatorApplicationTests], class annotated with @DirtiesContext [false] with mode [null]

  .   ____          _            __ _ _
 /\\ / ___'_ __ _ _(_)_ __  __ _ \ \ \ \
( ( )\___ | '_ | '_| | '_ \/ _` | \ \ \ \
 \\/  ___)| |_)| | | | | || (_| |  ) ) ) )
  '  |____| .__|_| |_|_| |_\__, | / / / /
 =========|_|==============|___/=/_/_/_/
 :: Spring Boot ::                (v3.0.2)

2023-12-21T20:15:20.793+09:00  INFO 4639 --- [    Test worker] hello.ActuatorApplicationTests           : Starting ActuatorApplicationTests using Java 17.0.3 with PID 4639 (started by joos in /Users/joos/Documents/2023/inflearn/스프링부트-핵심원리와활용/boot-source-20230228/start/actuator)
2023-12-21T20:15:20.795+09:00  INFO 4639 --- [    Test worker] hello.ActuatorApplicationTests           : No active profile set, falling back to 1 default profile: "default"
2023-12-21T20:15:22.433+09:00  INFO 4639 --- [    Test worker] .s.d.r.c.RepositoryConfigurationDelegate : Bootstrapping Spring Data JPA repositories in DEFAULT mode.
2023-12-21T20:15:22.504+09:00  INFO 4639 --- [    Test worker] .s.d.r.c.RepositoryConfigurationDelegate : Finished Spring Data repository scanning in 62 ms. Found 0 JPA repository interfaces.
2023-12-21T20:15:23.788+09:00  INFO 4639 --- [    Test worker] com.zaxxer.hikari.HikariDataSource       : HikariPool-1 - Starting...
2023-12-21T20:15:24.010+09:00  INFO 4639 --- [    Test worker] com.zaxxer.hikari.pool.HikariPool        : HikariPool-1 - Added connection conn0: url=jdbc:h2:mem:ed5e39b3-300b-4605-b985-54fd25641124 user=SA
2023-12-21T20:15:24.015+09:00  INFO 4639 --- [    Test worker] com.zaxxer.hikari.HikariDataSource       : HikariPool-1 - Start completed.
2023-12-21T20:15:24.130+09:00  INFO 4639 --- [    Test worker] o.hibernate.jpa.internal.util.LogHelper  : HHH000204: Processing PersistenceUnitInfo [name: default]
2023-12-21T20:15:24.182+09:00  INFO 4639 --- [    Test worker] org.hibernate.Version                    : HHH000412: Hibernate ORM core version 6.1.6.Final
2023-12-21T20:15:24.356+09:00  WARN 4639 --- [    Test worker] org.hibernate.orm.deprecation            : HHH90000021: Encountered deprecated setting [javax.persistence.sharedCache.mode], use [jakarta.persistence.sharedCache.mode] instead
2023-12-21T20:15:24.529+09:00  INFO 4639 --- [    Test worker] SQL dialect                              : HHH000400: Using dialect: org.hibernate.dialect.H2Dialect
2023-12-21T20:15:24.836+09:00  INFO 4639 --- [    Test worker] o.h.e.t.j.p.i.JtaPlatformInitiator       : HHH000490: Using JtaPlatform implementation: [org.hibernate.engine.transaction.jta.platform.internal.NoJtaPlatform]
2023-12-21T20:15:24.852+09:00  INFO 4639 --- [    Test worker] j.LocalContainerEntityManagerFactoryBean : Initialized JPA EntityManagerFactory for persistence unit 'default'
2023-12-21T20:15:25.658+09:00  WARN 4639 --- [    Test worker] JpaBaseConfiguration$JpaWebConfiguration : spring.jpa.open-in-view is enabled by default. Therefore, database queries may be performed during view rendering. Explicitly configure spring.jpa.open-in-view to disable this warning
2023-12-21T20:15:27.285+09:00  INFO 4639 --- [    Test worker] o.s.b.a.e.web.EndpointLinksResolver      : Exposing 1 endpoint(s) beneath base path '/actuator'
2023-12-21T20:15:27.453+09:00  INFO 4639 --- [    Test worker] hello.ActuatorApplicationTests           : Started ActuatorApplicationTests in 7.098 seconds (process running for 8.587)
]]></system-out>
  <system-err><![CDATA[]]></system-err>
</testsuite>
